<?xml version="1.0" encoding="UTF-8"?>
<!-- Generated by org.testng.reporters.JUnitReportReporter -->
<testsuite hostname="LAPTOP-U66FBCGM" failures="0" tests="4" name="TestNGConcepts.ThreadDemo1" time="0.005" errors="0" timestamp="2023-08-10T20:49:47 IST" skipped="0">
  <testcase classname="TestNGConcepts.ThreadDemo1" name="test1" time="0.002"/>
  <testcase classname="TestNGConcepts.ThreadDemo1" name="test2" time="0.001"/>
  <testcase classname="TestNGConcepts.ThreadDemo1" name="test2" time="0.001"/>
  <testcase classname="TestNGConcepts.ThreadDemo1" name="test1" time="0.001"/>
</testsuite> <!-- TestNGConcepts.ThreadDemo1 -->
