<?xml version="1.0" encoding="UTF-8"?>
<!-- Generated by org.testng.reporters.JUnitReportReporter -->
<testsuite hostname="LAPTOP-U66FBCGM" failures="0" tests="2" name="AccountCreation.AccountCreate" time="0.020" errors="0" timestamp="2023-04-26T12:52:37 IST" skipped="0">
  <testcase classname="AccountCreation.AccountCreate" name="enterAccno" time="0.001"/>
  <system-out/>
  <testcase classname="AccountCreation.AccountCreate" name="enterAccname" time="0.019"/>
  <system-out/>
</testsuite> <!-- AccountCreation.AccountCreate -->
