<?xml version="1.0" encoding="UTF-8"?>
<!-- Generated by org.testng.reporters.JUnitReportReporter -->
<testsuite hostname="LAPTOP-U66FBCGM" failures="0" tests="1" name="InterviewDemo_java.InheritedDependentOnTestNG" time="0.000" errors="0" timestamp="2023-08-08T21:44:34 IST" skipped="0">
  <testcase classname="InterviewDemo_java.InheritedDependentOnTestNG" name="Openbrowser" time="0.000"/>
</testsuite> <!-- InterviewDemo_java.InheritedDependentOnTestNG -->
