<?xml version="1.0" encoding="UTF-8"?>
<!-- Generated by org.testng.reporters.JUnitReportReporter -->
<testsuite hostname="LAPTOP-U66FBCGM" failures="0" tests="2" name="ExtentReportsdemo" time="0.015" errors="0" timestamp="2023-06-05T09:13:00 IST" skipped="0">
  <testcase classname="ExtentReportsdemo" name="testpass" time="0.004"/>
  <system-out/>
  <testcase classname="ExtentReportsdemo" name="testfail" time="0.011"/>
  <system-out/>
</testsuite> <!-- ExtentReportsdemo -->
