<?xml version="1.0" encoding="UTF-8"?>
<!-- Generated by org.testng.reporters.JUnitReportReporter -->
<testsuite hostname="LAPTOP-U66FBCGM" failures="0" tests="2" name="DataProviderConceptReturnTypes" time="0.012" errors="0" timestamp="2023-07-07T17:12:53 IST" skipped="0">
  <testcase classname="DataProviderConceptReturnTypes" name="enterNames1" time="0.010"/>
  <testcase classname="DataProviderConceptReturnTypes" name="enterNames1" time="0.002"/>
</testsuite> <!-- DataProviderConceptReturnTypes -->
