<?xml version="1.0" encoding="UTF-8"?>
<!-- Generated by org.testng.reporters.JUnitReportReporter -->
<testsuite hostname="LAPTOP-U66FBCGM" failures="0" tests="2" name="TestNGConcepts.GroupsDemo" time="0.012" errors="0" timestamp="2023-07-25T19:55:09 IST" skipped="0">
  <testcase classname="TestNGConcepts.GroupsDemo" name="A" time="0.010"/>
  <testcase classname="TestNGConcepts.GroupsDemo" name="B" time="0.002"/>
</testsuite> <!-- TestNGConcepts.GroupsDemo -->
