<?xml version="1.0" encoding="UTF-8"?>
<!-- Generated by org.testng.reporters.JUnitReportReporter -->
<testsuite hostname="LAPTOP-U66FBCGM" failures="0" tests="4" name="TestNGConcepts.Fb1" time="25.505" errors="0" timestamp="2023-06-12T17:36:00 IST" skipped="0">
  <testcase classname="TestNGConcepts.Fb1" name="youtube" time="8.025"/>
  <system-out/>
  <testcase classname="TestNGConcepts.Fb1" name="facebook" time="4.661"/>
  <system-out/>
  <testcase classname="TestNGConcepts.Fb1" name="facebook" time="4.658"/>
  <system-out/>
  <testcase classname="TestNGConcepts.Fb1" name="youtube" time="8.161"/>
  <system-out/>
</testsuite> <!-- TestNGConcepts.Fb1 -->
