<?xml version="1.0" encoding="UTF-8"?>
<!-- Generated by org.testng.reporters.JUnitReportReporter -->
<testsuite hostname="LAPTOP-U66FBCGM" failures="0" tests="2" name="InterviewDemo_java.Child" time="0.010" errors="0" timestamp="2023-08-08T21:44:34 IST" skipped="0">
  <testcase classname="InterviewDemo_java.Child" name="Sigin" time="0.001"/>
  <testcase classname="InterviewDemo_java.Child" name="Openbrowser" time="0.009"/>
</testsuite> <!-- InterviewDemo_java.Child -->
