<?xml version="1.0" encoding="UTF-8"?>
<!-- Generated by org.testng.reporters.JUnitReportReporter -->
<testsuite hostname="LAPTOP-U66FBCGM" failures="0" tests="2" name="TestNGConcepts.Test2" time="22.305" errors="0" timestamp="2023-06-17T10:31:18 IST" skipped="0">
  <testcase classname="TestNGConcepts.Test2" name="openIndeed" time="12.515"/>
  <system-out/>
  <testcase classname="TestNGConcepts.Test2" name="openYoutube" time="9.790"/>
  <system-out/>
</testsuite> <!-- TestNGConcepts.Test2 -->
