<?xml version="1.0" encoding="UTF-8"?>
<!-- Generated by org.testng.reporters.JUnitReportReporter -->
<testsuite hostname="LAPTOP-U66FBCGM" failures="0" tests="1" name="FindSymbolsInString" time="0.011" errors="0" timestamp="2023-06-14T21:13:51 IST" skipped="0">
  <testcase classname="FindSymbolsInString" name="test" time="0.011"/>
  <system-out/>
</testsuite> <!-- FindSymbolsInString -->
