<?xml version="1.0" encoding="UTF-8"?>
<!-- Generated by org.testng.reporters.JUnitReportReporter -->
<testsuite hostname="LAPTOP-U66FBCGM" failures="0" tests="1" name="DirDemo" time="0.013" errors="0" timestamp="2023-05-16T16:25:45 IST" skipped="0">
  <testcase classname="DirDemo" name="printDirectoryPath" time="0.013"/>
  <system-out/>
</testsuite> <!-- DirDemo -->
