<?xml version="1.0" encoding="UTF-8"?>
<!-- Generated by org.testng.reporters.JUnitReportReporter -->
<testsuite hostname="LAPTOP-U66FBCGM" failures="0" tests="2" name="TestNGConcepts.DataProviderDemo" time="0.010" errors="0" timestamp="2024-01-28T13:39:44 IST" skipped="0">
  <testcase classname="TestNGConcepts.DataProviderDemo" name="test3" time="0.002"/>
  <testcase classname="TestNGConcepts.DataProviderDemo" name="test3" time="0.008"/>
</testsuite> <!-- TestNGConcepts.DataProviderDemo -->
