<?xml version="1.0" encoding="UTF-8"?>
<!-- Generated by org.testng.reporters.JUnitReportReporter -->
<testsuite hostname="LAPTOP-U66FBCGM" failures="0" tests="2" name="AccountCreation.CustomerInfo" time="0.005" errors="0" timestamp="2023-04-26T12:52:37 IST" skipped="0">
  <testcase classname="AccountCreation.CustomerInfo" name="customerinfo1" time="0.003"/>
  <system-out/>
  <testcase classname="AccountCreation.CustomerInfo" name="customerinfo" time="0.002"/>
  <system-out/>
</testsuite> <!-- AccountCreation.CustomerInfo -->
