<?xml version="1.0" encoding="UTF-8"?>
<!-- Generated by org.testng.reporters.JUnitReportReporter -->
<testsuite hostname="LAPTOP-U66FBCGM" failures="0" tests="1" name="TestNGConcepts.GroupsDemo1" time="0.001" errors="0" timestamp="2023-07-25T19:53:14 IST" skipped="0">
  <testcase classname="TestNGConcepts.GroupsDemo1" name="A" time="0.001"/>
</testsuite> <!-- TestNGConcepts.GroupsDemo1 -->
