<?xml version="1.0" encoding="UTF-8"?>
<!-- Generated by org.testng.reporters.JUnitReportReporter -->
<testsuite hostname="LAPTOP-U66FBCGM" failures="0" tests="4" name="TestNGPractice.PrameterDemo" time="0.020" errors="0" timestamp="2023-10-24T08:49:25 IST" skipped="0">
  <testcase classname="TestNGPractice.PrameterDemo" name="name1" time="0.001"/>
  <testcase classname="TestNGPractice.PrameterDemo" name="name1" time="0.001"/>
  <testcase classname="TestNGPractice.PrameterDemo" name="name" time="0.009"/>
  <testcase classname="TestNGPractice.PrameterDemo" name="name" time="0.009"/>
</testsuite> <!-- TestNGPractice.PrameterDemo -->
