<?xml version="1.0" encoding="UTF-8"?>
<!-- Generated by org.testng.reporters.JUnitReportReporter -->
<testsuite hostname="LAPTOP-U66FBCGM" failures="0" tests="2" name="TestNGConcepts.ThreadDemo" time="0.030" errors="0" timestamp="2023-08-10T21:31:07 IST" skipped="0">
  <testcase classname="TestNGConcepts.ThreadDemo" name="test1" time="0.015"/>
  <testcase classname="TestNGConcepts.ThreadDemo" name="test1" time="0.015"/>
</testsuite> <!-- TestNGConcepts.ThreadDemo -->
