<?xml version="1.0" encoding="UTF-8"?>
<!-- Generated by org.testng.reporters.JUnitReportReporter -->
<testsuite hostname="LAPTOP-U66FBCGM" failures="0" tests="2" name="TestNGConcepts.F2" time="0.003" errors="0" timestamp="2024-01-28T12:35:08 IST" skipped="0">
  <testcase classname="TestNGConcepts.F2" name="test1" time="0.001"/>
  <testcase classname="TestNGConcepts.F2" name="test2" time="0.002"/>
</testsuite> <!-- TestNGConcepts.F2 -->
