<?xml version="1.0" encoding="UTF-8"?>
<!-- Generated by org.testng.reporters.JUnitReportReporter -->
<testsuite hostname="LAPTOP-U66FBCGM" failures="0" tests="3" name="InterviewDemo_java.DependsOnMethodDemo" time="0.010" errors="0" timestamp="2023-08-08T21:19:10 IST" skipped="0">
  <testcase classname="InterviewDemo_java.DependsOnMethodDemo" name="Logout" time="0.001"/>
  <testcase classname="InterviewDemo_java.DependsOnMethodDemo" name="Signin" time="0.001"/>
  <testcase classname="InterviewDemo_java.DependsOnMethodDemo" name="Openbrowser" time="0.008"/>
</testsuite> <!-- InterviewDemo_java.DependsOnMethodDemo -->
