<?xml version="1.0" encoding="UTF-8"?>
<!-- Generated by org.testng.reporters.JUnitReportReporter -->
<testsuite hostname="LAPTOP-U66FBCGM" failures="0" tests="2" name="TestNGConcepts.FactoryDemo2" time="0.011" errors="0" timestamp="2024-02-02T21:09:08 IST" skipped="0">
  <testcase classname="TestNGConcepts.FactoryDemo2" name="test1" time="0.009"/>
  <testcase classname="TestNGConcepts.FactoryDemo2" name="test2" time="0.002"/>
</testsuite> <!-- TestNGConcepts.FactoryDemo2 -->
