<?xml version="1.0" encoding="UTF-8"?>
<!-- Generated by org.testng.reporters.JUnitReportReporter -->
<testsuite hostname="LAPTOP-U66FBCGM" failures="0" tests="2" name="TestNGConcepts.F1" time="0.012" errors="0" timestamp="2024-01-28T12:35:08 IST" skipped="0">
  <testcase classname="TestNGConcepts.F1" name="test2" time="0.002"/>
  <testcase classname="TestNGConcepts.F1" name="test1" time="0.010"/>
</testsuite> <!-- TestNGConcepts.F1 -->
