<?xml version="1.0" encoding="UTF-8"?>
<!-- Generated by org.testng.reporters.JUnitReportReporter -->
<testsuite hostname="LAPTOP-U66FBCGM" failures="0" tests="1" name="CharacterMethodsDemo" time="0.009" errors="0" timestamp="2023-06-14T16:03:57 IST" skipped="0">
  <testcase classname="CharacterMethodsDemo" name="testCharacter" time="0.009"/>
  <system-out/>
</testsuite> <!-- CharacterMethodsDemo -->
