<?xml version="1.0" encoding="UTF-8"?>
<!-- Generated by org.testng.reporters.JUnitReportReporter -->
<testsuite hostname="LAPTOP-U66FBCGM" failures="0" tests="2" name="InterviewDemo_java.ParamaeterDemo" time="0.008" errors="0" timestamp="2023-08-09T22:59:35 IST" skipped="0">
  <testcase classname="InterviewDemo_java.ParamaeterDemo" name="test2" time="0.001"/>
  <testcase classname="InterviewDemo_java.ParamaeterDemo" name="test1" time="0.007"/>
</testsuite> <!-- InterviewDemo_java.ParamaeterDemo -->
