<?xml version="1.0" encoding="UTF-8"?>
<!-- Generated by org.testng.reporters.JUnitReportReporter -->
<testsuite hostname="LAPTOP-U66FBCGM" failures="0" tests="4" name="TestNGPractice.Parameter1" time="0.005" errors="0" timestamp="2023-10-24T08:49:25 IST" skipped="0">
  <testcase classname="TestNGPractice.Parameter1" name="name" time="0.001"/>
  <testcase classname="TestNGPractice.Parameter1" name="name" time="0.002"/>
  <testcase classname="TestNGPractice.Parameter1" name="name1" time="0.001"/>
  <testcase classname="TestNGPractice.Parameter1" name="name1" time="0.001"/>
</testsuite> <!-- TestNGPractice.Parameter1 -->
