<?xml version="1.0" encoding="UTF-8"?>
<!-- Generated by org.testng.reporters.JUnitReportReporter -->
<testsuite hostname="LAPTOP-U66FBCGM" failures="0" tests="1" name="D" time="0.020" errors="0" timestamp="2023-04-27T14:41:43 IST" skipped="0">
  <testcase classname="D" name="test" time="0.020"/>
  <system-out/>
</testsuite> <!-- D -->
